Wed Jan 10 08:59:59 2024.991894861     TrigID:0       OrderID:0       PacketType:0      InitCurrentTrigTime:1704857220000000044     TrigEventCurrentTime:1704857399992000000     TradeHanderCurrentTime:1704857399992000009     LocalTS:1704857399991894554                    
Wed Jan 10 08:59:59 2024.993060786     TrigID:1       OrderID:0       PacketType:0      InitCurrentTrigTime:1704857220000000044     TrigEventCurrentTime:1704857399992000000     TradeHanderCurrentTime:1704857399993166010     LocalTS:1704857399993060525                    
Wed Jan 10 08:59:59 2024.993919795     TrigID:2       OrderID:0       PacketType:0      InitCurrentTrigTime:1704857220000000044     TrigEventCurrentTime:1704857399992000000     TradeHanderCurrentTime:1704857399994025167     LocalTS:1704857399993919545                    
Wed Jan 10 08:59:59 2024.994533459     TrigID:3       OrderID:0       PacketType:0      InitCurrentTrigTime:1704857220000000044     TrigEventCurrentTime:1704857399992000000     TradeHanderCurrentTime:1704857399994638854     LocalTS:1704857399994533336                    
Wed Jan 10 08:59:59 2024.994684310     TrigID:4       OrderID:0       PacketType:0      InitCurrentTrigTime:1704857220000000044     TrigEventCurrentTime:1704857399992000000     TradeHanderCurrentTime:1704857399994789661     LocalTS:1704857399994684057                    
Wed Jan 10 08:59:59 2024.994802092     TrigID:5       OrderID:0       PacketType:0      InitCurrentTrigTime:1704857220000000044     TrigEventCurrentTime:1704857399992000000     TradeHanderCurrentTime:1704857399994907455     LocalTS:1704857399994801824                    
Wed Jan 10 08:59:59 2024.994817167     TrigID:6       OrderID:0       PacketType:0      InitCurrentTrigTime:1704857220000000044     TrigEventCurrentTime:1704857399992000000     TradeHanderCurrentTime:1704857399994922502     LocalTS:1704857399994816914                    
Wed Jan 10 08:59:59 2024.994964429     TrigID:7       OrderID:0       PacketType:0      InitCurrentTrigTime:1704857220000000044     TrigEventCurrentTime:1704857399992000000     TradeHanderCurrentTime:1704857399995068459     LocalTS:1704857399994964168                    
Wed Jan 10 08:59:59 2024.995003098     TrigID:8       OrderID:0       PacketType:0      InitCurrentTrigTime:1704857220000000044     TrigEventCurrentTime:1704857399992000000     TradeHanderCurrentTime:1704857399995108466     LocalTS:1704857399995002856                    
Wed Jan 10 08:59:59 2024.995043151     TrigID:9       OrderID:0       PacketType:0      InitCurrentTrigTime:1704857220000000044     TrigEventCurrentTime:1704857399992000000     TradeHanderCurrentTime:1704857399995148474     LocalTS:1704857399995042880                    
Wed Jan 10 08:59:59 2024.995083182     TrigID:10      OrderID:0       PacketType:0      InitCurrentTrigTime:1704857220000000044     TrigEventCurrentTime:1704857399992000000     TradeHanderCurrentTime:1704857399995188481     LocalTS:1704857399995082896                    
Wed Jan 10 08:59:59 2024.995123166     TrigID:11      OrderID:0       PacketType:0      InitCurrentTrigTime:1704857220000000044     TrigEventCurrentTime:1704857399992000000     TradeHanderCurrentTime:1704857399995228489     LocalTS:1704857399995122912                    
Wed Jan 10 08:59:59 2024.995163156     TrigID:12      OrderID:0       PacketType:0      InitCurrentTrigTime:1704857220000000044     TrigEventCurrentTime:1704857399992000000     TradeHanderCurrentTime:1704857399995268496     LocalTS:1704857399995162891                    
Wed Jan 10 08:59:59 2024.995203175     TrigID:13      OrderID:0       PacketType:0      InitCurrentTrigTime:1704857220000000044     TrigEventCurrentTime:1704857399992000000     TradeHanderCurrentTime:1704857399995308503     LocalTS:1704857399995202925                    
Wed Jan 10 08:59:59 2024.995243378     TrigID:14      OrderID:0       PacketType:0      InitCurrentTrigTime:1704857220000000044     TrigEventCurrentTime:1704857399992000000     TradeHanderCurrentTime:1704857399995348511     LocalTS:1704857399995243118                    
Wed Jan 10 08:59:59 2024.995283173     TrigID:15      OrderID:0       PacketType:0      InitCurrentTrigTime:1704857220000000044     TrigEventCurrentTime:1704857399992000000     TradeHanderCurrentTime:1704857399995388518     LocalTS:1704857399995282918                    
Wed Jan 10 08:59:59 2024.995323193     TrigID:16      OrderID:0       PacketType:0      InitCurrentTrigTime:1704857220000000044     TrigEventCurrentTime:1704857399992000000     TradeHanderCurrentTime:1704857399995428525     LocalTS:1704857399995322939                    
Wed Jan 10 08:59:59 2024.995363069     TrigID:17      OrderID:0       PacketType:0      InitCurrentTrigTime:1704857220000000044     TrigEventCurrentTime:1704857399992000000     TradeHanderCurrentTime:1704857399995468533     LocalTS:1704857399995362914                    
Wed Jan 10 08:59:59 2024.995403091     TrigID:18      OrderID:0       PacketType:0      InitCurrentTrigTime:1704857220000000044     TrigEventCurrentTime:1704857399992000000     TradeHanderCurrentTime:1704857399995508540     LocalTS:1704857399995402922                    
Wed Jan 10 08:59:59 2024.995443099     TrigID:19      OrderID:0       PacketType:0      InitCurrentTrigTime:1704857220000000044     TrigEventCurrentTime:1704857399992000000     TradeHanderCurrentTime:1704857399995548547     LocalTS:1704857399995442919                    
Wed Jan 10 08:59:59 2024.995483121     TrigID:20      OrderID:0       PacketType:0      InitCurrentTrigTime:1704857220000000044     TrigEventCurrentTime:1704857399992000000     TradeHanderCurrentTime:1704857399995588555     LocalTS:1704857399995482960                    
Wed Jan 10 08:59:59 2024.995523111     TrigID:21      OrderID:0       PacketType:0      InitCurrentTrigTime:1704857220000000044     TrigEventCurrentTime:1704857399992000000     TradeHanderCurrentTime:1704857399995628562     LocalTS:1704857399995522944                    
Wed Jan 10 08:59:59 2024.995563433     TrigID:22      OrderID:0       PacketType:0      InitCurrentTrigTime:1704857220000000044     TrigEventCurrentTime:1704857399992000000     TradeHanderCurrentTime:1704857399995668570     LocalTS:1704857399995562965                    
Wed Jan 10 08:59:59 2024.995603222     TrigID:23      OrderID:0       PacketType:0      InitCurrentTrigTime:1704857220000000044     TrigEventCurrentTime:1704857399992000000     TradeHanderCurrentTime:1704857399995708577     LocalTS:1704857399995602978                    
Wed Jan 10 08:59:59 2024.995643158     TrigID:24      OrderID:0       PacketType:0      InitCurrentTrigTime:1704857220000000044     TrigEventCurrentTime:1704857399992000000     TradeHanderCurrentTime:1704857399995748584     LocalTS:1704857399995643002                    
Wed Jan 10 08:59:59 2024.995683123     TrigID:25      OrderID:0       PacketType:0      InitCurrentTrigTime:1704857220000000044     TrigEventCurrentTime:1704857399992000000     TradeHanderCurrentTime:1704857399995788592     LocalTS:1704857399995682957                    
Wed Jan 10 08:59:59 2024.995723344     TrigID:26      OrderID:0       PacketType:0      InitCurrentTrigTime:1704857220000000044     TrigEventCurrentTime:1704857399992000000     TradeHanderCurrentTime:1704857399995828599     LocalTS:1704857399995723097                    
Wed Jan 10 08:59:59 2024.995763160     TrigID:27      OrderID:0       PacketType:0      InitCurrentTrigTime:1704857220000000044     TrigEventCurrentTime:1704857399992000000     TradeHanderCurrentTime:1704857399995868606     LocalTS:1704857399995762974                    
Wed Jan 10 08:59:59 2024.996740134     TrigID:28      OrderID:0       PacketType:0      InitCurrentTrigTime:1704857220000000044     TrigEventCurrentTime:1704857399992000000     TradeHanderCurrentTime:1704857399996845350     LocalTS:1704857399996739861                    
Wed Jan 10 08:59:59 2024.996761685     TrigID:29      OrderID:0       PacketType:0      InitCurrentTrigTime:1704857220000000044     TrigEventCurrentTime:1704857399992000000     TradeHanderCurrentTime:1704857399996867047     LocalTS:1704857399996761435                    
Wed Jan 10 08:59:59 2024.996944559     TrigID:30      OrderID:0       PacketType:0      InitCurrentTrigTime:1704857220000000044     TrigEventCurrentTime:1704857399992000000     TradeHanderCurrentTime:1704857399997049942     LocalTS:1704857399996944291                    
Wed Jan 10 08:59:59 2024.996970724     TrigID:31      OrderID:0       PacketType:0      InitCurrentTrigTime:1704857220000000044     TrigEventCurrentTime:1704857399992000000     TradeHanderCurrentTime:1704857399997076070     LocalTS:1704857399996970562                    
Wed Jan 10 08:59:59 2024.998188164     TrigID:32      OrderID:0       PacketType:0      InitCurrentTrigTime:1704857220000000044     TrigEventCurrentTime:1704857399992000000     TradeHanderCurrentTime:1704857399998293389     LocalTS:1704857399998187892                    
Wed Jan 10 08:59:59 2024.998208228     TrigID:33      OrderID:0       PacketType:0      InitCurrentTrigTime:1704857220000000044     TrigEventCurrentTime:1704857399992000000     TradeHanderCurrentTime:1704857399998313611     LocalTS:1704857399998207974                    
Wed Jan 10 08:59:59 2024.998474795     TrigID:34      OrderID:0       PacketType:0      InitCurrentTrigTime:1704857220000000044     TrigEventCurrentTime:1704857399992000000     TradeHanderCurrentTime:1704857399998580186     LocalTS:1704857399998474554                    
Wed Jan 10 08:59:59 2024.998508841     TrigID:35      OrderID:0       PacketType:0      InitCurrentTrigTime:1704857220000000044     TrigEventCurrentTime:1704857399992000000     TradeHanderCurrentTime:1704857399998614230     LocalTS:1704857399998508598                    
Wed Jan 10 08:59:59 2024.999236116     TrigID:36      OrderID:0       PacketType:0      InitCurrentTrigTime:1704857220000000044     TrigEventCurrentTime:1704857399992000000     TradeHanderCurrentTime:1704857399999341388     LocalTS:1704857399999235857                    
Wed Jan 10 08:59:59 2024.999293393     TrigID:37      OrderID:0       PacketType:0      InitCurrentTrigTime:1704857220000000044     TrigEventCurrentTime:1704857399992000000     TradeHanderCurrentTime:1704857399999398539     LocalTS:1704857399999293141                    
Wed Jan 10 08:59:59 2024.999350300     TrigID:38      OrderID:0       PacketType:0      InitCurrentTrigTime:1704857220000000044     TrigEventCurrentTime:1704857399992000000     TradeHanderCurrentTime:1704857399999455691     LocalTS:1704857399999350068                    
Wed Jan 10 08:59:59 2024.999407478     TrigID:39      OrderID:0       PacketType:0      InitCurrentTrigTime:1704857220000000044     TrigEventCurrentTime:1704857399992000000     TradeHanderCurrentTime:1704857399999512839     LocalTS:1704857399999407221                    
Wed Jan 10 08:59:59 2024.999464629     TrigID:40      OrderID:0       PacketType:0      InitCurrentTrigTime:1704857220000000044     TrigEventCurrentTime:1704857399992000000     TradeHanderCurrentTime:1704857399999569991     LocalTS:1704857399999464369                    
Wed Jan 10 08:59:59 2024.999521770     TrigID:41      OrderID:0       PacketType:0      InitCurrentTrigTime:1704857220000000044     TrigEventCurrentTime:1704857399992000000     TradeHanderCurrentTime:1704857399999627139     LocalTS:1704857399999521510                    
Wed Jan 10 08:59:59 2024.999546028     TrigID:42      OrderID:0       PacketType:0      InitCurrentTrigTime:1704857220000000044     TrigEventCurrentTime:1704857399992000000     TradeHanderCurrentTime:1704857399999651396     LocalTS:1704857399999545773                    
Wed Jan 10 08:59:59 2024.999578924     TrigID:43      OrderID:0       PacketType:0      InitCurrentTrigTime:1704857220000000044     TrigEventCurrentTime:1704857399992000000     TradeHanderCurrentTime:1704857399999684297     LocalTS:1704857399999578677                    
Wed Jan 10 08:59:59 2024.999586682     TrigID:44      OrderID:0       PacketType:0      InitCurrentTrigTime:1704857220000000044     TrigEventCurrentTime:1704857399992000000     TradeHanderCurrentTime:1704857399999690987     LocalTS:1704857399999586421                    
Wed Jan 10 08:59:59 2024.999594313     TrigID:45      OrderID:0       PacketType:0      InitCurrentTrigTime:1704857220000000044     TrigEventCurrentTime:1704857399992000000     TradeHanderCurrentTime:1704857399999694277     LocalTS:1704857399999594057                    
Wed Jan 10 08:59:59 2024.999618969     TrigID:46      OrderID:0       PacketType:0      InitCurrentTrigTime:1704857220000000044     TrigEventCurrentTime:1704857399992000000     TradeHanderCurrentTime:1704857399999724336     LocalTS:1704857399999618715                    
Wed Jan 10 08:59:59 2024.999631852     TrigID:47      OrderID:0       PacketType:0      InitCurrentTrigTime:1704857220000000044     TrigEventCurrentTime:1704857399992000000     TradeHanderCurrentTime:1704857399999737148     LocalTS:1704857399999631614                    
Wed Jan 10 08:59:59 2024.999642383     TrigID:48      OrderID:0       PacketType:0      InitCurrentTrigTime:1704857220000000044     TrigEventCurrentTime:1704857399992000000     TradeHanderCurrentTime:1704857399999741480     LocalTS:1704857399999642137                    
Wed Jan 10 08:59:59 2024.999652642     TrigID:49      OrderID:0       PacketType:0      InitCurrentTrigTime:1704857220000000044     TrigEventCurrentTime:1704857399992000000     TradeHanderCurrentTime:1704857399999757693     LocalTS:1704857399999652027                    
Wed Jan 10 08:59:59 2024.999674631     TrigID:50      OrderID:0       PacketType:0      InitCurrentTrigTime:1704857220000000044     TrigEventCurrentTime:1704857399992000000     TradeHanderCurrentTime:1704857399999780029     LocalTS:1704857399999674395                    
Wed Jan 10 08:59:59 2024.999685627     TrigID:51      OrderID:0       PacketType:0      InitCurrentTrigTime:1704857220000000044     TrigEventCurrentTime:1704857399992000000     TradeHanderCurrentTime:1704857399999791038     LocalTS:1704857399999685384                    
Wed Jan 10 08:59:59 2024.999693442     TrigID:52      OrderID:0       PacketType:0      InitCurrentTrigTime:1704857220000000044     TrigEventCurrentTime:1704857399992000000     TradeHanderCurrentTime:1704857399999798650     LocalTS:1704857399999693194                    
Wed Jan 10 08:59:59 2024.999717538     TrigID:53      OrderID:0       PacketType:0      InitCurrentTrigTime:1704857220000000044     TrigEventCurrentTime:1704857399992000000     TradeHanderCurrentTime:1704857399999822907     LocalTS:1704857399999717288                    
Wed Jan 10 08:59:59 2024.999725819     TrigID:54      OrderID:0       PacketType:0      InitCurrentTrigTime:1704857220000000044     TrigEventCurrentTime:1704857399992000000     TradeHanderCurrentTime:1704857399999824393     LocalTS:1704857399999725584                    
Wed Jan 10 08:59:59 2024.999750453     TrigID:55      OrderID:0       PacketType:0      InitCurrentTrigTime:1704857220000000044     TrigEventCurrentTime:1704857399992000000     TradeHanderCurrentTime:1704857399999855814     LocalTS:1704857399999750205                    
Wed Jan 10 08:59:59 2024.999758647     TrigID:56      OrderID:0       PacketType:0      InitCurrentTrigTime:1704857220000000044     TrigEventCurrentTime:1704857399992000000     TradeHanderCurrentTime:1704857399999857741     LocalTS:1704857399999758387                    
Wed Jan 10 08:59:59 2024.999766767     TrigID:57      OrderID:0       PacketType:0      InitCurrentTrigTime:1704857220000000044     TrigEventCurrentTime:1704857399992000000     TradeHanderCurrentTime:1704857399999865794     LocalTS:1704857399999766510                    
Wed Jan 10 08:59:59 2024.999785983     TrigID:58      OrderID:0       PacketType:0      InitCurrentTrigTime:1704857220000000044     TrigEventCurrentTime:1704857399992000000     TradeHanderCurrentTime:1704857399999891089     LocalTS:1704857399999785724                    
Wed Jan 10 08:59:59 2024.999803293     TrigID:59      OrderID:0       PacketType:0      InitCurrentTrigTime:1704857220000000044     TrigEventCurrentTime:1704857399992000000     TradeHanderCurrentTime:1704857399999908665     LocalTS:1704857399999803044                    
Wed Jan 10 08:59:59 2024.999811390     TrigID:60      OrderID:0       PacketType:0      InitCurrentTrigTime:1704857220000000044     TrigEventCurrentTime:1704857399992000000     TradeHanderCurrentTime:1704857399999912997     LocalTS:1704857399999811133                    
Wed Jan 10 08:59:59 2024.999819712     TrigID:61      OrderID:0       PacketType:0      InitCurrentTrigTime:1704857220000000044     TrigEventCurrentTime:1704857399992000000     TradeHanderCurrentTime:1704857399999924444     LocalTS:1704857399999819466                    
Wed Jan 10 08:59:59 2024.999846172     TrigID:62      OrderID:0       PacketType:0      InitCurrentTrigTime:1704857220000000044     TrigEventCurrentTime:1704857399992000000     TradeHanderCurrentTime:1704857399999951543     LocalTS:1704857399999845916                    
Wed Jan 10 08:59:59 2024.999854429     TrigID:63      OrderID:0       PacketType:0      InitCurrentTrigTime:1704857220000000044     TrigEventCurrentTime:1704857399992000000     TradeHanderCurrentTime:1704857399999957792     LocalTS:1704857399999854181                    
Wed Jan 10 08:59:59 2024.999864768     TrigID:64      OrderID:0       PacketType:0      InitCurrentTrigTime:1704857220000000044     TrigEventCurrentTime:1704857399992000000     TradeHanderCurrentTime:1704857399999970170     LocalTS:1704857399999864514                    
Wed Jan 10 08:59:59 2024.999885710     TrigID:65      OrderID:0       PacketType:0      InitCurrentTrigTime:1704857220000000044     TrigEventCurrentTime:1704857399992000000     TradeHanderCurrentTime:1704857399999991140     LocalTS:1704857399999885472                    
Wed Jan 10 08:59:59 2024.999895238     TrigID:66      OrderID:0       PacketType:0      InitCurrentTrigTime:1704857220000000044     TrigEventCurrentTime:1704857399992000000     TradeHanderCurrentTime:1704857399999994430     LocalTS:1704857399999894987                    
Wed Jan 10 08:59:59 2024.999919417     TrigID:67      OrderID:0       PacketType:0      InitCurrentTrigTime:1704857220000000044     TrigEventCurrentTime:1704857399992000000     TradeHanderCurrentTime:1704857400000024486     LocalTS:1704857399999919168                    
Wed Jan 10 08:59:59 2024.999928469     TrigID:68      OrderID:0       PacketType:0      InitCurrentTrigTime:1704857220000000044     TrigEventCurrentTime:1704857399992000000     TradeHanderCurrentTime:1704857400000027337     LocalTS:1704857399999928304                    
Wed Jan 10 08:59:59 2024.999937107     TrigID:69      OrderID:0       PacketType:0      InitCurrentTrigTime:1704857220000000044     TrigEventCurrentTime:1704857399992000000     TradeHanderCurrentTime:1704857400000037304     LocalTS:1704857399999936872                    
Wed Jan 10 08:59:59 2024.999952343     TrigID:70      OrderID:0       PacketType:0      InitCurrentTrigTime:1704857220000000044     TrigEventCurrentTime:1704857399992000000     TradeHanderCurrentTime:1704857400000057837     LocalTS:1704857399999952189                    
Wed Jan 10 08:59:59 2024.999974920     TrigID:71      OrderID:0       PacketType:0      InitCurrentTrigTime:1704857220000000044     TrigEventCurrentTime:1704857399992000000     TradeHanderCurrentTime:1704857400000080176     LocalTS:1704857399999974672                    
Wed Jan 10 08:59:59 2024.999984786     TrigID:72      OrderID:0       PacketType:0      InitCurrentTrigTime:1704857220000000044     TrigEventCurrentTime:1704857399992000000     TradeHanderCurrentTime:1704857400000084508     LocalTS:1704857399999984626                    
Wed Jan 10 08:59:59 2024.999992470     TrigID:73      OrderID:0       PacketType:0      InitCurrentTrigTime:1704857220000000044     TrigEventCurrentTime:1704857399992000000     TradeHanderCurrentTime:1704857400000091191     LocalTS:1704857399999992197                    
Wed Jan 10 09:00:00 2024.000017591     TrigID:74      OrderID:0       PacketType:0      InitCurrentTrigTime:1704857220000000044     TrigEventCurrentTime:1704857399992000000     TradeHanderCurrentTime:1704857400000123053     LocalTS:1704857400000017425                    
Wed Jan 10 09:00:00 2024.000025437     TrigID:75      OrderID:0       PacketType:0      InitCurrentTrigTime:1704857220000000044     TrigEventCurrentTime:1704857399992000000     TradeHanderCurrentTime:1704857400000124540     LocalTS:1704857400000025211                    
Wed Jan 10 09:00:00 2024.000036203     TrigID:76      OrderID:0       PacketType:0      InitCurrentTrigTime:1704857220000000044     TrigEventCurrentTime:1704857399992000000     TradeHanderCurrentTime:1704857400000141681     LocalTS:1704857400000036033                    
Wed Jan 10 09:00:00 2024.000052633     TrigID:77      OrderID:0       PacketType:0      InitCurrentTrigTime:1704857220000000044     TrigEventCurrentTime:1704857399992000000     TradeHanderCurrentTime:1704857400000157888     LocalTS:1704857400000052380                    
Wed Jan 10 09:00:00 2024.000060440     TrigID:78      OrderID:0       PacketType:0      InitCurrentTrigTime:1704857220000000044     TrigEventCurrentTime:1704857399992000000     TradeHanderCurrentTime:1704857400000165940     LocalTS:1704857400000060283                    
Wed Jan 10 09:00:00 2024.000085860     TrigID:79      OrderID:0       PacketType:0      InitCurrentTrigTime:1704857220000000044     TrigEventCurrentTime:1704857399992000000     TradeHanderCurrentTime:1704857400000191236     LocalTS:1704857400000085625                    
Wed Jan 10 09:00:00 2024.000103342     TrigID:80      OrderID:0       PacketType:0      InitCurrentTrigTime:1704857220000000044     TrigEventCurrentTime:1704857399992000000     TradeHanderCurrentTime:1704857400000208815     LocalTS:1704857400000103173                    
Wed Jan 10 09:00:00 2024.000119232     TrigID:81      OrderID:0       PacketType:0      InitCurrentTrigTime:1704857220000000044     TrigEventCurrentTime:1704857399992000000     TradeHanderCurrentTime:1704857400000224584     LocalTS:1704857400000118976                    
Wed Jan 10 09:00:00 2024.000146234     TrigID:82      OrderID:0       PacketType:0      InitCurrentTrigTime:1704857220000000044     TrigEventCurrentTime:1704857399992000000     TradeHanderCurrentTime:1704857400000251685     LocalTS:1704857400000146073                    
Wed Jan 10 09:00:00 2024.000155605     TrigID:83      OrderID:0       PacketType:0      InitCurrentTrigTime:1704857220000000044     TrigEventCurrentTime:1704857399992000000     TradeHanderCurrentTime:1704857400000257932     LocalTS:1704857400000155381                    
Wed Jan 10 09:00:00 2024.000185302     TrigID:84      OrderID:0       PacketType:0      InitCurrentTrigTime:1704857220000000044     TrigEventCurrentTime:1704857399992000000     TradeHanderCurrentTime:1704857400000290616     LocalTS:1704857400000185058                    
Wed Jan 10 09:00:00 2024.000192945     TrigID:85      OrderID:0       PacketType:0      InitCurrentTrigTime:1704857220000000044     TrigEventCurrentTime:1704857399992000000     TradeHanderCurrentTime:1704857400000291280     LocalTS:1704857400000192677                    
Wed Jan 10 09:00:00 2024.000402699     TrigID:86      OrderID:0       PacketType:0      InitCurrentTrigTime:1704857220000000044     TrigEventCurrentTime:1704857399992000000     TradeHanderCurrentTime:1704857400000508036     LocalTS:1704857400000402446                    
Wed Jan 10 09:00:00 2024.000436664     TrigID:87      OrderID:0       PacketType:0      InitCurrentTrigTime:1704857220000000044     TrigEventCurrentTime:1704857399992000000     TradeHanderCurrentTime:1704857400000542008     LocalTS:1704857400000436403                    
Wed Jan 10 09:00:00 2024.000531262     TrigID:88      OrderID:0       PacketType:0      InitCurrentTrigTime:1704857220000000044     TrigEventCurrentTime:1704857399992000000     TradeHanderCurrentTime:1704857400000636579     LocalTS:1704857400000530984                    
Wed Jan 10 09:00:00 2024.000727866     TrigID:89      OrderID:0       PacketType:0      InitCurrentTrigTime:1704857220000000044     TrigEventCurrentTime:1704857399992000000     TradeHanderCurrentTime:1704857400000833178     LocalTS:1704857400000727600                    
Wed Jan 10 09:00:00 2024.001008580     TrigID:90      OrderID:0       PacketType:0      InitCurrentTrigTime:1704857220000000044     TrigEventCurrentTime:1704857399992000000     TradeHanderCurrentTime:1704857400001113803     LocalTS:1704857400001008318                    
Wed Jan 10 09:00:00 2024.001081037     TrigID:91      OrderID:0       PacketType:0      InitCurrentTrigTime:1704857220000000044     TrigEventCurrentTime:1704857399992000000     TradeHanderCurrentTime:1704857400001186383     LocalTS:1704857400001080785                    
Wed Jan 10 09:00:00 2024.001215457     TrigID:92      OrderID:0       PacketType:0      InitCurrentTrigTime:1704857220000000044     TrigEventCurrentTime:1704857399992000000     TradeHanderCurrentTime:1704857400001320881     LocalTS:1704857400001215288                    
Wed Jan 10 09:00:00 2024.001809051     TrigID:93      OrderID:0       PacketType:0      InitCurrentTrigTime:1704857220000000044     TrigEventCurrentTime:1704857399992000000     TradeHanderCurrentTime:1704857400001914314     LocalTS:1704857400001808795                    
Wed Jan 10 09:00:00 2024.001850637     TrigID:94      OrderID:0       PacketType:0      InitCurrentTrigTime:1704857220000000044     TrigEventCurrentTime:1704857399992000000     TradeHanderCurrentTime:1704857400001956102     LocalTS:1704857400001850473                    
Wed Jan 10 09:00:00 2024.001920263     TrigID:95      OrderID:0       PacketType:0      InitCurrentTrigTime:1704857220000000044     TrigEventCurrentTime:1704857399992000000     TradeHanderCurrentTime:1704857400002025334     LocalTS:1704857400001919702                    
Wed Jan 10 09:00:00 2024.002895403     TrigID:96      OrderID:0       PacketType:0      InitCurrentTrigTime:1704857220000000044     TrigEventCurrentTime:1704857399992000000     TradeHanderCurrentTime:1704857400003000706     LocalTS:1704857400002895153                    
Wed Jan 10 09:00:00 2024.002908470     TrigID:97      OrderID:0       PacketType:0      InitCurrentTrigTime:1704857220000000044     TrigEventCurrentTime:1704857399992000000     TradeHanderCurrentTime:1704857400003000750     LocalTS:1704857400002908200                    
Wed Jan 10 09:00:00 2024.002916372     TrigID:98      OrderID:0       PacketType:0      InitCurrentTrigTime:1704857220000000044     TrigEventCurrentTime:1704857399992000000     TradeHanderCurrentTime:1704857400003000924     LocalTS:1704857400002916121                    
Wed Jan 10 09:00:00 2024.002924020     TrigID:99      OrderID:0       PacketType:0      InitCurrentTrigTime:1704857220000000044     TrigEventCurrentTime:1704857399992000000     TradeHanderCurrentTime:1704857400003001097     LocalTS:1704857400002923776                    


Wed Jan 10 08:59:59 2024.992026121     TrigID:0       OrderID:10000   PacketType:1      InitCurrentTrigTime:1704857220000000044     TrigEventCurrentTime:1704857399992000000     TradeHanderCurrentTime:1704857399992131351     LocalTS:1704857399992025856                    
Wed Jan 10 08:59:59 2024.993154718     TrigID:1       OrderID:10001   PacketType:2      InitCurrentTrigTime:1704857220000000044     TrigEventCurrentTime:1704857399992000000     TradeHanderCurrentTime:1704857399993259994     LocalTS:1704857399993154469                    
Wed Jan 10 08:59:59 2024.994013980     TrigID:2       OrderID:10002   PacketType:3      InitCurrentTrigTime:1704857220000000044     TrigEventCurrentTime:1704857399992000000     TradeHanderCurrentTime:1704857399994119254     LocalTS:1704857399994013726                    
Wed Jan 10 08:59:59 2024.994713922     TrigID:4       OrderID:10003   PacketType:4      InitCurrentTrigTime:1704857220000000044     TrigEventCurrentTime:1704857399992000000     TradeHanderCurrentTime:1704857399994819180     LocalTS:1704857399994713659                    
Wed Jan 10 08:59:59 2024.994792262     TrigID:4       OrderID:10004   PacketType:5      InitCurrentTrigTime:1704857220000000044     TrigEventCurrentTime:1704857399992000000     TradeHanderCurrentTime:1704857399994897513     LocalTS:1704857399994792002                    
Wed Jan 10 08:59:59 2024.994915603     TrigID:6       OrderID:10005   PacketType:6      InitCurrentTrigTime:1704857220000000044     TrigEventCurrentTime:1704857399992000000     TradeHanderCurrentTime:1704857399995020828     LocalTS:1704857399994915303                    
Wed Jan 10 08:59:59 2024.994978462     TrigID:7       OrderID:10006   PacketType:7      InitCurrentTrigTime:1704857220000000044     TrigEventCurrentTime:1704857399992000000     TradeHanderCurrentTime:1704857399995080480     LocalTS:1704857399994978208                    
Wed Jan 10 08:59:59 2024.995096904     TrigID:10      OrderID:10007   PacketType:8      InitCurrentTrigTime:1704857220000000044     TrigEventCurrentTime:1704857399992000000     TradeHanderCurrentTime:1704857399995202178     LocalTS:1704857399995096658                    
Wed Jan 10 08:59:59 2024.995171167     TrigID:12      OrderID:10008   PacketType:9      InitCurrentTrigTime:1704857220000000044     TrigEventCurrentTime:1704857399992000000     TradeHanderCurrentTime:1704857399995270786     LocalTS:1704857399995170921                    
Wed Jan 10 08:59:59 2024.995189570     TrigID:12      OrderID:10009   PacketType:10     InitCurrentTrigTime:1704857220000000044     TrigEventCurrentTime:1704857399992000000     TradeHanderCurrentTime:1704857399995294602     LocalTS:1704857399995189332                    
Wed Jan 10 08:59:59 2024.995226600     TrigID:13      OrderID:10010   PacketType:11     InitCurrentTrigTime:1704857220000000044     TrigEventCurrentTime:1704857399992000000     TradeHanderCurrentTime:1704857399995331857     LocalTS:1704857399995226342                    

Wed Jan 10 08:59:59 2024.995292900     TrigID:15      OrderID:10012   PacketType:12     InitCurrentTrigTime:1704857220000000044     TrigEventCurrentTime:1704857399992000000     TradeHanderCurrentTime:1704857399995394982     LocalTS:1704857399995292657                    
Wed Jan 10 08:59:59 2024.995349797     TrigID:16      OrderID:10013   PacketType:13     InitCurrentTrigTime:1704857220000000044     TrigEventCurrentTime:1704857399992000000     TradeHanderCurrentTime:1704857399995455013     LocalTS:1704857399995349537                    
Wed Jan 10 08:59:59 2024.995376240     TrigID:17      OrderID:10014   PacketType:14     InitCurrentTrigTime:1704857220000000044     TrigEventCurrentTime:1704857399992000000     TradeHanderCurrentTime:1704857399995481426     LocalTS:1704857399995375975                    
Wed Jan 10 08:59:59 2024.995412116     TrigID:18      OrderID:10015   PacketType:15     InitCurrentTrigTime:1704857220000000044     TrigEventCurrentTime:1704857399992000000     TradeHanderCurrentTime:1704857399995517446     LocalTS:1704857399995411861                    
Wed Jan 10 08:59:59 2024.995475131     TrigID:19      OrderID:10016   PacketType:16     InitCurrentTrigTime:1704857220000000044     TrigEventCurrentTime:1704857399992000000     TradeHanderCurrentTime:1704857399995580422     LocalTS:1704857399995474874                    
Wed Jan 10 08:59:59 2024.995501108     TrigID:20      OrderID:10017   PacketType:17     InitCurrentTrigTime:1704857220000000044     TrigEventCurrentTime:1704857399992000000     TradeHanderCurrentTime:1704857399995606186     LocalTS:1704857399995500629                    
Wed Jan 10 08:59:59 2024.995537879     TrigID:21      OrderID:10018   PacketType:18     InitCurrentTrigTime:1704857220000000044     TrigEventCurrentTime:1704857399992000000     TradeHanderCurrentTime:1704857399995643134     LocalTS:1704857399995537616                    
Wed Jan 10 08:59:59 2024.995610758     TrigID:23      OrderID:10019   PacketType:19     InitCurrentTrigTime:1704857220000000044     TrigEventCurrentTime:1704857399992000000     TradeHanderCurrentTime:1704857399995710001     LocalTS:1704857399995610618                    
Wed Jan 10 08:59:59 2024.995624122     TrigID:23      OrderID:10020   PacketType:20     InitCurrentTrigTime:1704857220000000044     TrigEventCurrentTime:1704857399992000000     TradeHanderCurrentTime:1704857399995729414     LocalTS:1704857399995623864                    
Wed Jan 10 08:59:59 2024.995670202     TrigID:24      OrderID:10021   PacketType:21     InitCurrentTrigTime:1704857220000000044     TrigEventCurrentTime:1704857399992000000     TradeHanderCurrentTime:1704857399995775463     LocalTS:1704857399995669963                    
Wed Jan 10 08:59:59 2024.995731075     TrigID:26      OrderID:10022   PacketType:22     InitCurrentTrigTime:1704857220000000044     TrigEventCurrentTime:1704857399992000000     TradeHanderCurrentTime:1704857399995836021     LocalTS:1704857399995730925                    
Wed Jan 10 08:59:59 2024.995754110     TrigID:26      OrderID:10023   PacketType:23     InitCurrentTrigTime:1704857220000000044     TrigEventCurrentTime:1704857399992000000     TradeHanderCurrentTime:1704857399995859400     LocalTS:1704857399995753878                    
Wed Jan 10 08:59:59 2024.995795521     TrigID:27      OrderID:10024   PacketType:24     InitCurrentTrigTime:1704857220000000044     TrigEventCurrentTime:1704857399992000000     TradeHanderCurrentTime:1704857399995900720     LocalTS:1704857399995795214                    
Wed Jan 10 08:59:59 2024.995850002     TrigID:27      OrderID:10025   PacketType:25     InitCurrentTrigTime:1704857220000000044     TrigEventCurrentTime:1704857399992000000     TradeHanderCurrentTime:1704857399995955361     LocalTS:1704857399995849853                    
Wed Jan 10 08:59:59 2024.995913249     TrigID:27      OrderID:10026   PacketType:26     InitCurrentTrigTime:1704857220000000044     TrigEventCurrentTime:1704857399992000000     TradeHanderCurrentTime:1704857399996018542     LocalTS:1704857399995913013                    
Wed Jan 10 08:59:59 2024.995975558     TrigID:27      OrderID:10027   PacketType:27     InitCurrentTrigTime:1704857220000000044     TrigEventCurrentTime:1704857399992000000     TradeHanderCurrentTime:1704857399996080903     LocalTS:1704857399995975384                    
Wed Jan 10 08:59:59 2024.996855152     TrigID:29      OrderID:10028   PacketType:28     InitCurrentTrigTime:1704857220000000044     TrigEventCurrentTime:1704857399992000000     TradeHanderCurrentTime:1704857399996960423     LocalTS:1704857399996854896                    
Wed Jan 10 08:59:59 2024.996935499     TrigID:29      OrderID:10029   PacketType:29     InitCurrentTrigTime:1704857220000000044     TrigEventCurrentTime:1704857399992000000     TradeHanderCurrentTime:1704857399997040757     LocalTS:1704857399996935244                    
Wed Jan 10 09:00:00 2024.046396518     TrigID:99      OrderID:10030   PacketType:35     InitCurrentTrigTime:1704857220000000044     TrigEventCurrentTime:1704857399992000000     TradeHanderCurrentTime:1704857400046500595     LocalTS:1704857400046395857                    
Wed Jan 10 08:59:59 2024.997121665     TrigID:31      OrderID:10031   PacketType:30     InitCurrentTrigTime:1704857220000000044     TrigEventCurrentTime:1704857399992000000     TradeHanderCurrentTime:1704857399997226942     LocalTS:1704857399997121415                    
Wed Jan 10 09:00:00 2024.070576252     TrigID:99      OrderID:10032   PacketType:40     InitCurrentTrigTime:1704857220000000044     TrigEventCurrentTime:1704857399992000000     TradeHanderCurrentTime:1704857400070681365     LocalTS:1704857400070575950                    
Wed Jan 10 08:59:59 2024.998932808     TrigID:35      OrderID:10033   PacketType:32     InitCurrentTrigTime:1704857220000000044     TrigEventCurrentTime:1704857399992000000     TradeHanderCurrentTime:1704857399999038091     LocalTS:1704857399998932557                    
Wed Jan 10 09:00:00 2024.046626016     TrigID:99      OrderID:10034   PacketType:37     InitCurrentTrigTime:1704857220000000044     TrigEventCurrentTime:1704857399992000000     TradeHanderCurrentTime:1704857400046731327     LocalTS:1704857400046625863                    
Wed Jan 10 08:59:59 2024.998646537     TrigID:35      OrderID:10035   PacketType:31     InitCurrentTrigTime:1704857220000000044     TrigEventCurrentTime:1704857399992000000     TradeHanderCurrentTime:1704857399998751827     LocalTS:1704857399998646295                    
Wed Jan 10 08:59:59 2024.999872584     TrigID:64      OrderID:10036   PacketType:33     InitCurrentTrigTime:1704857220000000044     TrigEventCurrentTime:1704857399992000000     TradeHanderCurrentTime:1704857399999976925     LocalTS:1704857399999872337                    
Wed Jan 10 08:59:59 2024.999902942     TrigID:66      OrderID:10037   PacketType:34     InitCurrentTrigTime:1704857220000000044     TrigEventCurrentTime:1704857399992000000     TradeHanderCurrentTime:1704857399999996394     LocalTS:1704857399999902801                    
Wed Jan 10 09:00:00 2024.046432682     TrigID:99      OrderID:10038   PacketType:36     InitCurrentTrigTime:1704857220000000044     TrigEventCurrentTime:1704857399992000000     TradeHanderCurrentTime:1704857400046505284     LocalTS:1704857400046432428                    
Wed Jan 10 09:00:00 2024.065158375     TrigID:99      OrderID:10039   PacketType:38     InitCurrentTrigTime:1704857220000000044     TrigEventCurrentTime:1704857399992000000     TradeHanderCurrentTime:1704857400065263059     LocalTS:1704857400065157858                    
Wed Jan 10 09:00:00 2024.069184025     TrigID:99      OrderID:10040   PacketType:39     InitCurrentTrigTime:1704857220000000044     TrigEventCurrentTime:1704857399992000000     TradeHanderCurrentTime:1704857400069288506     LocalTS:1704857400069183585                    
Wed Jan 10 09:00:00 2024.074410237     TrigID:99      OrderID:10041   PacketType:41     InitCurrentTrigTime:1704857220000000044     TrigEventCurrentTime:1704857399992000000     TradeHanderCurrentTime:1704857400074515559     LocalTS:1704857400074409971                    
Wed Jan 10 09:00:00 2024.109497679     TrigID:99      OrderID:10042   PacketType:70     InitCurrentTrigTime:1704857220000000044     TrigEventCurrentTime:1704857399992000000     TradeHanderCurrentTime:1704857400109602954     LocalTS:1704857400109497425                    
Wed Jan 10 09:00:00 2024.076638438     TrigID:99      OrderID:10043   PacketType:42     InitCurrentTrigTime:1704857220000000044     TrigEventCurrentTime:1704857399992000000     TradeHanderCurrentTime:1704857400076743653     LocalTS:1704857400076638184                    
Wed Jan 10 09:00:00 2024.090638722     TrigID:99      OrderID:10044   PacketType:46     InitCurrentTrigTime:1704857220000000044     TrigEventCurrentTime:1704857399992000000     TradeHanderCurrentTime:1704857400090743965     LocalTS:1704857400090638426                    
Wed Jan 10 09:00:00 2024.109562836     TrigID:99      OrderID:10045   PacketType:71     InitCurrentTrigTime:1704857220000000044     TrigEventCurrentTime:1704857399992000000     TradeHanderCurrentTime:1704857400109668260     LocalTS:1704857400109562666                    
Wed Jan 10 09:00:00 2024.096678042     TrigID:99      OrderID:10046   PacketType:50     InitCurrentTrigTime:1704857220000000044     TrigEventCurrentTime:1704857399992000000     TradeHanderCurrentTime:1704857400096783135     LocalTS:1704857400096677709                    
Wed Jan 10 09:00:00 2024.109570976     TrigID:99      OrderID:10047   PacketType:72     InitCurrentTrigTime:1704857220000000044     TrigEventCurrentTime:1704857399992000000     TradeHanderCurrentTime:1704857400109674655     LocalTS:1704857400109570746                    
Wed Jan 10 09:00:00 2024.084993917     TrigID:99      OrderID:10048   PacketType:43     InitCurrentTrigTime:1704857220000000044     TrigEventCurrentTime:1704857399992000000     TradeHanderCurrentTime:1704857400085098316     LocalTS:1704857400084993476                    
Wed Jan 10 09:00:00 2024.096729109     TrigID:99      OrderID:10049   PacketType:51     InitCurrentTrigTime:1704857220000000044     TrigEventCurrentTime:1704857399992000000     TradeHanderCurrentTime:1704857400096834351     LocalTS:1704857400096728828                    
Wed Jan 10 09:00:00 2024.109620498     TrigID:99      OrderID:10050   PacketType:73     InitCurrentTrigTime:1704857220000000044     TrigEventCurrentTime:1704857399992000000     TradeHanderCurrentTime:1704857400109725843     LocalTS:1704857400109620332                    
Wed Jan 10 09:00:00 2024.096867948     TrigID:99      OrderID:10051   PacketType:52     InitCurrentTrigTime:1704857220000000044     TrigEventCurrentTime:1704857399992000000     TradeHanderCurrentTime:1704857400096973224     LocalTS:1704857400096867660                    
Wed Jan 10 09:00:00 2024.085021808     TrigID:99      OrderID:10052   PacketType:44     InitCurrentTrigTime:1704857220000000044     TrigEventCurrentTime:1704857399992000000     TradeHanderCurrentTime:1704857400085115538     LocalTS:1704857400085021520                    
Wed Jan 10 09:00:00 2024.109688849     TrigID:99      OrderID:10053   PacketType:74     InitCurrentTrigTime:1704857220000000044     TrigEventCurrentTime:1704857399992000000     TradeHanderCurrentTime:1704857400109794181     LocalTS:1704857400109688607                    
Wed Jan 10 09:00:00 2024.105811540     TrigID:99      OrderID:10054   PacketType:53     InitCurrentTrigTime:1704857220000000044     TrigEventCurrentTime:1704857399992000000     TradeHanderCurrentTime:1704857400105916588     LocalTS:1704857400105811223                    
Wed Jan 10 09:00:00 2024.085069084     TrigID:99      OrderID:10055   PacketType:45     InitCurrentTrigTime:1704857220000000044     TrigEventCurrentTime:1704857399992000000     TradeHanderCurrentTime:1704857400085174291     LocalTS:1704857400085068754                    
Wed Jan 10 09:00:00 2024.105927064     TrigID:99      OrderID:10056   PacketType:54     InitCurrentTrigTime:1704857220000000044     TrigEventCurrentTime:1704857399992000000     TradeHanderCurrentTime:1704857400106032408     LocalTS:1704857400105926829                    
Wed Jan 10 09:00:00 2024.109719928     TrigID:99      OrderID:10057   PacketType:75     InitCurrentTrigTime:1704857220000000044     TrigEventCurrentTime:1704857399992000000     TradeHanderCurrentTime:1704857400109825323     LocalTS:1704857400109719726                    
Wed Jan 10 09:00:00 2024.105935901     TrigID:99      OrderID:10058   PacketType:55     InitCurrentTrigTime:1704857220000000044     TrigEventCurrentTime:1704857399992000000     TradeHanderCurrentTime:1704857400106038087     LocalTS:1704857400105935667                    
Wed Jan 10 09:00:00 2024.109748165     TrigID:99      OrderID:10059   PacketType:76     InitCurrentTrigTime:1704857220000000044     TrigEventCurrentTime:1704857399992000000     TradeHanderCurrentTime:1704857400109853380     LocalTS:1704857400109747883                    
Wed Jan 10 09:00:00 2024.095077134     TrigID:99      OrderID:10060   PacketType:47     InitCurrentTrigTime:1704857220000000044     TrigEventCurrentTime:1704857399992000000     TradeHanderCurrentTime:1704857400095182338     LocalTS:1704857400095076876                    
Wed Jan 10 09:00:00 2024.105987765     TrigID:99      OrderID:10061   PacketType:56     InitCurrentTrigTime:1704857220000000044     TrigEventCurrentTime:1704857399992000000     TradeHanderCurrentTime:1704857400106092958     LocalTS:1704857400105987504                    
Wed Jan 10 09:00:00 2024.109764251     TrigID:99      OrderID:10062   PacketType:77     InitCurrentTrigTime:1704857220000000044     TrigEventCurrentTime:1704857399992000000     TradeHanderCurrentTime:1704857400109869650     LocalTS:1704857400109764053                    

Wed Jan 10 09:00:00 2024.095119576     TrigID:99      OrderID:10064   PacketType:48     InitCurrentTrigTime:1704857220000000044     TrigEventCurrentTime:1704857399992000000     TradeHanderCurrentTime:1704857400095224666     LocalTS:1704857400095119299                    

Wed Jan 10 09:00:00 2024.109834247     TrigID:99      OrderID:10066   PacketType:78     InitCurrentTrigTime:1704857220000000044     TrigEventCurrentTime:1704857399992000000     TradeHanderCurrentTime:1704857400109939539     LocalTS:1704857400109833978                    
Wed Jan 10 09:00:00 2024.106186992     TrigID:99      OrderID:10067   PacketType:58     InitCurrentTrigTime:1704857220000000044     TrigEventCurrentTime:1704857399992000000     TradeHanderCurrentTime:1704857400106292334     LocalTS:1704857400106186736                    
Wed Jan 10 09:00:00 2024.095511640     TrigID:99      OrderID:10068   PacketType:49     InitCurrentTrigTime:1704857220000000044     TrigEventCurrentTime:1704857399992000000     TradeHanderCurrentTime:1704857400095616691     LocalTS:1704857400095511275                    
Wed Jan 10 09:00:00 2024.109871265     TrigID:99      OrderID:10069   PacketType:79     InitCurrentTrigTime:1704857220000000044     TrigEventCurrentTime:1704857399992000000     TradeHanderCurrentTime:1704857400109976710     LocalTS:1704857400109871105                    
Wed Jan 10 09:00:00 2024.106245779     TrigID:99      OrderID:10070   PacketType:59     InitCurrentTrigTime:1704857220000000044     TrigEventCurrentTime:1704857399992000000     TradeHanderCurrentTime:1704857400106351111     LocalTS:1704857400106245533                    

Wed Jan 10 09:00:00 2024.106147837     TrigID:99      OrderID:10072   PacketType:57     InitCurrentTrigTime:1704857220000000044     TrigEventCurrentTime:1704857399992000000     TradeHanderCurrentTime:1704857400106253139     LocalTS:1704857400106147666                    

Wed Jan 10 09:00:00 2024.110013845     TrigID:99      OrderID:10074   PacketType:80     InitCurrentTrigTime:1704857220000000044     TrigEventCurrentTime:1704857399992000000     TradeHanderCurrentTime:1704857400110119202     LocalTS:1704857400110013599                    
Wed Jan 10 09:00:00 2024.106350595     TrigID:99      OrderID:10075   PacketType:60     InitCurrentTrigTime:1704857220000000044     TrigEventCurrentTime:1704857399992000000     TradeHanderCurrentTime:1704857400106455727     LocalTS:1704857400106350310                    
Wed Jan 10 09:00:00 2024.106794716     TrigID:99      OrderID:10076   PacketType:67     InitCurrentTrigTime:1704857220000000044     TrigEventCurrentTime:1704857399992000000     TradeHanderCurrentTime:1704857400106900043     LocalTS:1704857400106794460                    
Wed Jan 10 09:00:00 2024.106378534     TrigID:99      OrderID:10077   PacketType:61     InitCurrentTrigTime:1704857220000000044     TrigEventCurrentTime:1704857399992000000     TradeHanderCurrentTime:1704857400106483784     LocalTS:1704857400106378279                    
Wed Jan 10 09:00:00 2024.110023868     TrigID:99      OrderID:10078   PacketType:81     InitCurrentTrigTime:1704857220000000044     TrigEventCurrentTime:1704857399992000000     TradeHanderCurrentTime:1704857400110126106     LocalTS:1704857400110023693                    
Wed Jan 10 09:00:00 2024.106441059     TrigID:99      OrderID:10079   PacketType:62     InitCurrentTrigTime:1704857220000000044     TrigEventCurrentTime:1704857399992000000     TradeHanderCurrentTime:1704857400106546301     LocalTS:1704857400106440795                    
Wed Jan 10 09:00:00 2024.110069706     TrigID:99      OrderID:10080   PacketType:82     InitCurrentTrigTime:1704857220000000044     TrigEventCurrentTime:1704857399992000000     TradeHanderCurrentTime:1704857400110175053     LocalTS:1704857400110069456                    
Wed Jan 10 09:00:00 2024.106468581     TrigID:99      OrderID:10081   PacketType:63     InitCurrentTrigTime:1704857220000000044     TrigEventCurrentTime:1704857399992000000     TradeHanderCurrentTime:1704857400106573909     LocalTS:1704857400106468324                    
Wed Jan 10 09:00:00 2024.110115070     TrigID:99      OrderID:10082   PacketType:83     InitCurrentTrigTime:1704857220000000044     TrigEventCurrentTime:1704857399992000000     TradeHanderCurrentTime:1704857400110220245     LocalTS:1704857400110114896                    
Wed Jan 10 09:00:00 2024.106656276     TrigID:99      OrderID:10083   PacketType:64     InitCurrentTrigTime:1704857220000000044     TrigEventCurrentTime:1704857399992000000     TradeHanderCurrentTime:1704857400106761605     LocalTS:1704857400106656027                    
Wed Jan 10 09:00:00 2024.142670172     TrigID:99      OrderID:10084   PacketType:90     InitCurrentTrigTime:1704857220000000044     TrigEventCurrentTime:1704857399992000000     TradeHanderCurrentTime:1704857400142775042     LocalTS:1704857400142669802                    
Wed Jan 10 09:00:00 2024.106665775     TrigID:99      OrderID:10085   PacketType:65     InitCurrentTrigTime:1704857220000000044     TrigEventCurrentTime:1704857399992000000     TradeHanderCurrentTime:1704857400106771147     LocalTS:1704857400106665515                    
Wed Jan 10 09:00:00 2024.106718728     TrigID:99      OrderID:10086   PacketType:66     InitCurrentTrigTime:1704857220000000044     TrigEventCurrentTime:1704857399992000000     TradeHanderCurrentTime:1704857400106824004     LocalTS:1704857400106718469                    
Wed Jan 10 09:00:00 2024.114679967     TrigID:99      OrderID:10087   PacketType:86     InitCurrentTrigTime:1704857220000000044     TrigEventCurrentTime:1704857399992000000     TradeHanderCurrentTime:1704857400114785010     LocalTS:1704857400114679656                    
Wed Jan 10 09:00:00 2024.110328952     TrigID:99      OrderID:10088   PacketType:84     InitCurrentTrigTime:1704857220000000044     TrigEventCurrentTime:1704857399992000000     TradeHanderCurrentTime:1704857400110434174     LocalTS:1704857400110328702                    

Wed Jan 10 09:00:00 2024.114695312     TrigID:99      OrderID:10090   PacketType:87     InitCurrentTrigTime:1704857220000000044     TrigEventCurrentTime:1704857399992000000     TradeHanderCurrentTime:1704857400114800671     LocalTS:1704857400114695059                    


Wed Jan 10 09:00:00 2024.115098821     TrigID:99      OrderID:10093   PacketType:88     InitCurrentTrigTime:1704857220000000044     TrigEventCurrentTime:1704857399992000000     TradeHanderCurrentTime:1704857400115204022     LocalTS:1704857400115098569                    
Wed Jan 10 09:00:00 2024.110534874     TrigID:99      OrderID:10094   PacketType:85     InitCurrentTrigTime:1704857220000000044     TrigEventCurrentTime:1704857399992000000     TradeHanderCurrentTime:1704857400110640299     LocalTS:1704857400110534705                    
Wed Jan 10 09:00:00 2024.106913594     TrigID:99      OrderID:10095   PacketType:68     InitCurrentTrigTime:1704857220000000044     TrigEventCurrentTime:1704857399992000000     TradeHanderCurrentTime:1704857400107018942     LocalTS:1704857400106913359                    
Wed Jan 10 09:00:00 2024.107074338     TrigID:99      OrderID:10096   PacketType:69     InitCurrentTrigTime:1704857220000000044     TrigEventCurrentTime:1704857399992000000     TradeHanderCurrentTime:1704857400107179633     LocalTS:1704857400107074162                    

Wed Jan 10 09:00:00 2024.142687353     TrigID:99      OrderID:10098   PacketType:91     InitCurrentTrigTime:1704857220000000044     TrigEventCurrentTime:1704857399992000000     TradeHanderCurrentTime:1704857400142788617     LocalTS:1704857400142687113                    
Wed Jan 10 09:00:00 2024.115131952     TrigID:99      OrderID:10099   PacketType:89     InitCurrentTrigTime:1704857220000000044     TrigEventCurrentTime:1704857399992000000     TradeHanderCurrentTime:1704857400115237193     LocalTS:1704857400115131696                    
